<?xml version="1.0" encoding="UTF-8"?>
<testsuite name="integration.MergeConflictFilterTest" tests="4" skipped="0" failures="0" errors="0" timestamp="2020-04-28T01:06:07" hostname="santos" time="0.005">
  <properties/>
  <testcase name="noMergeConflictTest" classname="integration.MergeConflictFilterTest" time="0.004"/>
  <testcase name="multipleConflictInOneFile" classname="integration.MergeConflictFilterTest" time="0.0"/>
  <testcase name="mergeConflictTest" classname="integration.MergeConflictFilterTest" time="0.0"/>
  <testcase name="multipleConflict" classname="integration.MergeConflictFilterTest" time="0.001"/>
  <system-out><![CDATA[]]></system-out>
  <system-err><![CDATA[]]></system-err>
</testsuite>
