<?xml version="1.0" encoding="UTF-8"?>
<testsuite name="unit.MethodModifiedLinesMatcherTest" tests="3" skipped="0" failures="0" errors="0" timestamp="2020-04-28T01:06:07" hostname="santos" time="0.006">
  <properties/>
  <testcase name="withOneMethodAndOneModifiedLine" classname="unit.MethodModifiedLinesMatcherTest" time="0.005"/>
  <testcase name="withOneMethodAndMultipleLines" classname="unit.MethodModifiedLinesMatcherTest" time="0.001"/>
  <testcase name="withMultipleMethodsAndMultipleLines" classname="unit.MethodModifiedLinesMatcherTest" time="0.0"/>
  <system-out><![CDATA[]]></system-out>
  <system-err><![CDATA[]]></system-err>
</testsuite>
